2024-09-22 16:06:36.411 [main] INFO  Freerouting v1.9.0 (build-date: 2024-01-20)
2024-09-22 16:06:37.486 [main] INFO  Opening 'board.dsn'...
2024-09-22 16:06:37.907 [ForkJoinPool.commonPool-worker-1] INFO  New version available: v1.9.0
2024-09-22 16:06:38.214 [main] INFO  Opening 'freerouting.rules'...
2024-09-22 16:06:38.217 [main] WARN  RulesFile.read: design_name not matching at 'BAT_P'
2024-09-22 16:06:40.191 [Thread-27] INFO  Starting auto-routing...
2024-09-22 16:06:40.365 [Thread-27] WARN  FloatLine: Parameter is null
2024-09-22 16:06:40.371 [Thread-27] WARN  FloatLine: Parameter is null
2024-09-22 16:06:40.375 [Thread-27] WARN  FloatLine: Parameter is null
2024-09-22 16:06:40.378 [Thread-27] WARN  FloatLine: Parameter is null
2024-09-22 16:06:40.387 [Thread-27] WARN  FloatLine: Parameter is null
2024-09-22 16:06:40.399 [Thread-27] WARN  FloatLine: Parameter is null
2024-09-22 16:06:47.152 [Thread-27] INFO  Auto-routing was completed in 6.96 seconds.
2024-09-22 16:06:47.253 [Thread-27] INFO  Starting route optimization on 1 thread...
2024-09-22 16:06:48.439 [Thread-27] INFO  Route optimization was completed in 1.19 seconds.
2024-09-22 16:06:48.445 [Thread-27] INFO  Saving 'test.ses'...
2024-09-22 16:07:27.611 [main] INFO  Freerouting v1.9.0 (build-date: 2024-01-20)
2024-09-22 16:07:27.641 [main] INFO  Settings were loaded from freerouting.json
2024-09-22 16:07:28.655 [main] INFO  Opening 'board.dsn'...
2024-09-22 16:07:29.014 [ForkJoinPool.commonPool-worker-1] INFO  New version available: v1.9.0
2024-09-22 16:07:29.268 [main] INFO  Opening 'freerouting.rules'...
2024-09-22 16:07:29.273 [main] WARN  RulesFile.read: design_name not matching at 'BAT_P'
2024-09-22 16:07:31.487 [Thread-27] INFO  Starting auto-routing...
2024-09-22 16:07:31.664 [Thread-27] WARN  FloatLine: Parameter is null
2024-09-22 16:07:31.668 [Thread-27] WARN  FloatLine: Parameter is null
2024-09-22 16:07:31.672 [Thread-27] WARN  FloatLine: Parameter is null
2024-09-22 16:07:31.678 [Thread-27] WARN  FloatLine: Parameter is null
2024-09-22 16:07:31.692 [Thread-27] WARN  FloatLine: Parameter is null
2024-09-22 16:07:31.705 [Thread-27] WARN  FloatLine: Parameter is null
2024-09-22 16:07:38.192 [Thread-27] INFO  Auto-routing was completed in 6.70 seconds.
2024-09-22 16:07:38.293 [Thread-27] INFO  Starting route optimization on 1 thread...
2024-09-22 16:07:39.455 [Thread-27] INFO  Route optimization was completed in 1.16 seconds.
2024-09-22 16:07:39.461 [Thread-27] INFO  Saving 'test.ses'...
2024-09-22 16:18:45.245 [main] INFO  Freerouting v1.9.0 (build-date: 2024-01-20)
2024-09-22 16:18:45.276 [main] INFO  Settings were loaded from freerouting.json
2024-09-22 16:18:46.291 [main] INFO  Opening 'board.dsn'...
2024-09-22 16:18:46.725 [ForkJoinPool.commonPool-worker-1] INFO  New version available: v1.9.0
2024-09-22 16:18:46.835 [main] INFO  Opening 'freerouting.rules'...
2024-09-22 16:18:46.839 [main] WARN  RulesFile.read: design_name not matching at 'Via[0-1]_800:400_um'
2024-09-22 16:18:48.509 [Thread-27] INFO  Starting auto-routing...
2024-09-22 16:19:22.079 [Thread-27] INFO  Auto-routing was completed in 33.57 seconds.
2024-09-22 16:19:22.180 [Thread-27] INFO  Starting route optimization on 1 thread...
2024-09-22 16:19:22.876 [Thread-27] INFO  Route optimization was completed in 0.69 seconds.
2024-09-22 16:19:22.881 [Thread-27] INFO  Saving 'test.ses'...
2024-09-22 16:20:41.962 [main] INFO  Freerouting v1.9.0 (build-date: 2024-01-20)
2024-09-22 16:20:41.991 [main] INFO  Settings were loaded from freerouting.json
2024-09-22 16:20:43.007 [main] INFO  Opening 'board.dsn'...
2024-09-22 16:20:43.381 [ForkJoinPool.commonPool-worker-1] INFO  New version available: v1.9.0
2024-09-22 16:20:43.553 [main] INFO  Opening 'freerouting.rules'...
2024-09-22 16:20:43.557 [main] WARN  RulesFile.read: design_name not matching at 'Via[0-1]_800:400_um'
2024-09-22 16:20:44.222 [Thread-27] INFO  Starting auto-routing...
2024-09-22 16:21:15.189 [Thread-27] INFO  Auto-routing was completed in 30.97 seconds.
2024-09-22 16:21:15.290 [Thread-27] INFO  Starting route optimization on 1 thread...
2024-09-22 16:21:16.000 [Thread-27] INFO  Route optimization was completed in 0.71 seconds.
2024-09-22 16:21:16.005 [Thread-27] INFO  Saving 'test.ses'...
2024-09-22 16:22:47.713 [main] INFO  Freerouting v1.9.0 (build-date: 2024-01-20)
2024-09-22 16:22:47.743 [main] INFO  Settings were loaded from freerouting.json
2024-09-22 16:22:48.758 [main] INFO  Opening 'board.dsn'...
2024-09-22 16:22:49.227 [ForkJoinPool.commonPool-worker-1] INFO  New version available: v1.9.0
2024-09-22 16:22:49.418 [main] INFO  Opening 'freerouting.rules'...
2024-09-22 16:22:49.422 [main] WARN  RulesFile.read: design_name not matching at 'GND'
2024-09-22 16:22:50.791 [Thread-27] INFO  Starting auto-routing...
2024-09-22 16:23:24.965 [Thread-27] INFO  Auto-routing was completed in 34.17 seconds.
2024-09-22 16:23:25.066 [Thread-27] INFO  Starting route optimization on 1 thread...
2024-09-22 16:23:25.790 [Thread-27] INFO  Route optimization was completed in 0.72 seconds.
2024-09-22 16:23:25.796 [Thread-27] INFO  Saving 'test.ses'...
2024-09-22 17:01:23.433 [main] INFO  Freerouting v1.9.0 (build-date: 2024-01-20)
2024-09-22 17:01:23.464 [main] INFO  Settings were loaded from freerouting.json
2024-09-26 22:50:24.457 [main] INFO  Freerouting v1.9.0 (build-date: 2024-01-20)
2024-09-26 22:50:25.531 [main] INFO  Opening 'board.dsn'...
2024-09-26 22:50:25.920 [ForkJoinPool.commonPool-worker-1] INFO  New version available: v1.9.0
2024-09-26 22:50:26.266 [main] INFO  Opening 'freerouting.rules'...
2024-09-26 22:50:26.271 [main] WARN  RulesFile.read: design_name not matching at 'Via[0-1]_800:400_um'
2024-09-26 22:50:29.088 [Thread-27] INFO  Starting auto-routing...
2024-09-26 22:50:46.188 [Thread-27] INFO  Auto-routing was completed in 17.10 seconds.
2024-09-26 22:50:46.289 [Thread-27] INFO  Starting route optimization on 1 thread...
2024-09-26 22:50:47.101 [Thread-27] INFO  Route optimization was completed in 0.81 seconds.
2024-09-26 22:50:47.107 [Thread-27] INFO  Saving 'test.ses'...
